<?xml version="1.0" encoding="UTF-8"?>
<!-- Generated by org.testng.reporters.JUnitReportReporter -->
<testsuite hostname="DESKTOP-T0F1EFD" failures="0" tests="2" name="testRunner.RunTestNGTest" time="83.904" errors="0" timestamp="2021-02-23T18:05:16 CET" skipped="0">
  <testcase classname="testRunner.RunTestNGTest" name="runScenario" time="32.120"/>
  <system-out/>
  <testcase classname="testRunner.RunTestNGTest" name="runScenario" time="51.784"/>
  <system-out/>
</testsuite> <!-- testRunner.RunTestNGTest -->
